<?xml version="1.0" encoding="UTF-8"?>
<!-- Generated by org.testng.reporters.JUnitXMLReporter -->
<testsuite ignored="6" hostname="EPINHYDW08AD" failures="1" tests="7" name="Test" time="11.747" errors="0" timestamp="2024-07-03T15:11:30 IST">
  <testcase classname="api.test.UserTests" name="testPostUser" time="2.527"/>
  <testcase classname="api.test.UserTests" name="testGetUserByName" time="1.246"/>
  <testcase classname="api.test.UserTests" name="testUpdateUserByName" time="2.453"/>
  <testcase classname="api.test.UserTests" name="testDeleteUserByName" time="1.217"/>
  <testcase classname="api.test.OpenWeatherMapAPI" name="testWeatherDetailsOfHyderabad" time="1.345"/>
  <testcase classname="api.test.EmployeeTest" name="testGetEmployees" time="1.182"/>
  <testcase classname="api.test.EmployeeTest" name="testPostEmployee" time="0.974">
    <failure type="java.lang.AssertionError" message="expected [200] but found [429]">
      <![CDATA[java.lang.AssertionError: expected [200] but found [429]
at api.test.EmployeeTest.testPostEmployee(EmployeeTest.java:76)
at java.base/java.util.ArrayList.forEach(ArrayList.java:1511)
... Removed 33 stack frames]]>
    </failure>
  </testcase> <!-- testPostEmployee -->
  <testcase classname="api.test.UserTests" name="testGetUsersTask03" time="0.0">
    <ignored/>
  </testcase> <!-- testGetUsersTask03 -->
  <testcase classname="api.test.EmployeeTest" name="testUpdateUserByName" time="0.0">
    <ignored/>
  </testcase> <!-- testUpdateUserByName -->
  <testcase classname="api.test.EmployeeTest" name="testGetEmployeeByName" time="0.0">
    <ignored/>
  </testcase> <!-- testGetEmployeeByName -->
  <testcase classname="api.test.EmployeeTest" name="testDeleteUserByName" time="0.0">
    <ignored/>
  </testcase> <!-- testDeleteUserByName -->
  <testcase classname="api.test.PetTests" name="testPostPet" time="0.0">
    <ignored/>
  </testcase> <!-- testPostPet -->
  <testcase classname="api.test.PetTests" name="testGetPetByID" time="0.0">
    <ignored/>
  </testcase> <!-- testGetPetByID -->
</testsuite> <!-- Test -->
