<?xml version="1.0" encoding="UTF-8"?>
<!-- Generated by org.testng.reporters.JUnitXMLReporter -->
<testsuite ignored="0" hostname="EPINHYDW08AD" failures="0" tests="8" name="Test" time="41.095" errors="0" timestamp="2024-07-03T21:42:17 IST">
  <testcase classname="api.test.PetTests" name="testPostPet" time="9.14"/>
  <testcase classname="api.test.PetTests" name="testGetPetByID" time="2.746"/>
  <testcase classname="api.test.UserTests" name="testPostUser" time="11.285"/>
  <testcase classname="api.test.UserTests" name="testGetUserByName" time="6.424"/>
  <testcase classname="api.test.UserTests" name="testUpdateUserByName" time="6.06"/>
  <testcase classname="api.test.UserTests" name="testDeleteUserByName" time="1.83"/>
  <testcase classname="api.test.UserTests" name="testGetUsersTask03" time="1.023"/>
  <testcase classname="api.test.OpenWeatherMapAPI" name="testWeatherDetailsOfHyderabad" time="1.635"/>
</testsuite> <!-- Test -->
