<?xml version="1.0" encoding="UTF-8"?>
<testng-results ignored="0" total="8" passed="8" failed="0" skipped="0">
  <reporter-output>
  </reporter-output>
  <suite started-at="2024-07-03T21:41:35 IST" name="Suite" finished-at="2024-07-03T21:42:16 IST" duration-ms="41095">
    <groups>
    </groups>
    <test started-at="2024-07-03T21:41:35 IST" name="Test" finished-at="2024-07-03T21:42:16 IST" duration-ms="41095">
      <class name="api.test.OpenWeatherMapAPI">
        <test-method signature="testWeatherDetailsOfHyderabad()[pri:0, instance:api.test.OpenWeatherMapAPI@79924b]" started-at="2024-07-03T21:42:15 IST" name="testWeatherDetailsOfHyderabad" finished-at="2024-07-03T21:42:16 IST" duration-ms="1635" status="PASS">
          <reporter-output>
          </reporter-output>
        </test-method> <!-- testWeatherDetailsOfHyderabad -->
      </class> <!-- api.test.OpenWeatherMapAPI -->
      <class name="api.test.UserTests">
        <test-method is-config="true" signature="setup()[pri:0, instance:api.test.UserTests@4fb0f2b9]" started-at="2024-07-03T21:41:48 IST" name="setup" finished-at="2024-07-03T21:41:48 IST" duration-ms="238" status="PASS">
          <reporter-output>
          </reporter-output>
        </test-method> <!-- setup -->
        <test-method signature="testPostUser()[pri:1, instance:api.test.UserTests@4fb0f2b9]" started-at="2024-07-03T21:41:48 IST" name="testPostUser" finished-at="2024-07-03T21:41:59 IST" duration-ms="11285" status="PASS">
          <reporter-output>
          </reporter-output>
        </test-method> <!-- testPostUser -->
        <test-method signature="testGetUserByName()[pri:2, instance:api.test.UserTests@4fb0f2b9]" started-at="2024-07-03T21:41:59 IST" name="testGetUserByName" finished-at="2024-07-03T21:42:06 IST" duration-ms="6424" status="PASS">
          <reporter-output>
          </reporter-output>
        </test-method> <!-- testGetUserByName -->
        <test-method signature="testUpdateUserByName()[pri:3, instance:api.test.UserTests@4fb0f2b9]" started-at="2024-07-03T21:42:06 IST" name="testUpdateUserByName" finished-at="2024-07-03T21:42:12 IST" duration-ms="6060" status="PASS">
          <reporter-output>
          </reporter-output>
        </test-method> <!-- testUpdateUserByName -->
        <test-method signature="testDeleteUserByName()[pri:4, instance:api.test.UserTests@4fb0f2b9]" started-at="2024-07-03T21:42:12 IST" name="testDeleteUserByName" finished-at="2024-07-03T21:42:14 IST" duration-ms="1830" status="PASS">
          <reporter-output>
          </reporter-output>
        </test-method> <!-- testDeleteUserByName -->
        <test-method signature="testGetUsersTask03()[pri:5, instance:api.test.UserTests@4fb0f2b9]" started-at="2024-07-03T21:42:14 IST" name="testGetUsersTask03" finished-at="2024-07-03T21:42:15 IST" duration-ms="1023" status="PASS">
          <reporter-output>
          </reporter-output>
        </test-method> <!-- testGetUsersTask03 -->
      </class> <!-- api.test.UserTests -->
      <class name="api.test.PetTests">
        <test-method is-config="true" signature="setup()[pri:0, instance:api.test.PetTests@4f18837a]" started-at="2024-07-03T21:41:36 IST" name="setup" finished-at="2024-07-03T21:41:36 IST" duration-ms="476" status="PASS">
          <reporter-output>
          </reporter-output>
        </test-method> <!-- setup -->
        <test-method signature="testPostPet()[pri:1, instance:api.test.PetTests@4f18837a]" started-at="2024-07-03T21:41:36 IST" name="testPostPet" finished-at="2024-07-03T21:41:45 IST" duration-ms="9140" status="PASS">
          <reporter-output>
          </reporter-output>
        </test-method> <!-- testPostPet -->
        <test-method signature="testGetPetByID()[pri:2, instance:api.test.PetTests@4f18837a]" started-at="2024-07-03T21:41:45 IST" name="testGetPetByID" finished-at="2024-07-03T21:41:48 IST" duration-ms="2746" status="PASS">
          <reporter-output>
          </reporter-output>
        </test-method> <!-- testGetPetByID -->
      </class> <!-- api.test.PetTests -->
    </test> <!-- Test -->
  </suite> <!-- Suite -->
</testng-results>
