<?xml version="1.0" encoding="UTF-8"?>
<testng-results ignored="1" total="5" passed="4" failed="0" skipped="0">
  <reporter-output>
  </reporter-output>
  <suite started-at="2024-07-03T15:06:02 IST" name="Suite" finished-at="2024-07-03T15:06:10 IST" duration-ms="8004">
    <groups>
    </groups>
    <test started-at="2024-07-03T15:06:02 IST" name="Test" finished-at="2024-07-03T15:06:10 IST" duration-ms="8004">
      <class name="api.test.UserTests">
        <test-method is-config="true" signature="setup()[pri:0, instance:api.test.UserTests@66f57048]" started-at="2024-07-03T15:06:02 IST" name="setup" finished-at="2024-07-03T15:06:02 IST" duration-ms="497" status="PASS">
          <reporter-output>
          </reporter-output>
        </test-method> <!-- setup -->
        <test-method signature="testPostUser()[pri:1, instance:api.test.UserTests@66f57048]" started-at="2024-07-03T15:06:02 IST" name="testPostUser" finished-at="2024-07-03T15:06:05 IST" duration-ms="2458" status="PASS">
          <reporter-output>
          </reporter-output>
        </test-method> <!-- testPostUser -->
        <test-method signature="testGetUserByName()[pri:2, instance:api.test.UserTests@66f57048]" started-at="2024-07-03T15:06:05 IST" name="testGetUserByName" finished-at="2024-07-03T15:06:06 IST" duration-ms="1186" status="PASS">
          <reporter-output>
          </reporter-output>
        </test-method> <!-- testGetUserByName -->
        <test-method signature="testUpdateUserByName()[pri:3, instance:api.test.UserTests@66f57048]" started-at="2024-07-03T15:06:06 IST" name="testUpdateUserByName" finished-at="2024-07-03T15:06:09 IST" duration-ms="2506" status="PASS">
          <reporter-output>
          </reporter-output>
        </test-method> <!-- testUpdateUserByName -->
        <test-method signature="testDeleteUserByName()[pri:4, instance:api.test.UserTests@66f57048]" started-at="2024-07-03T15:06:09 IST" name="testDeleteUserByName" finished-at="2024-07-03T15:06:10 IST" duration-ms="1184" status="PASS">
          <reporter-output>
          </reporter-output>
        </test-method> <!-- testDeleteUserByName -->
      </class> <!-- api.test.UserTests -->
    </test> <!-- Test -->
  </suite> <!-- Suite -->
</testng-results>
